\BOOKMARK [1][-]{section.1}{\376\377\000I\000n\000t\000r\000o\000d\000u\000c\000t\000i\000o\000n}{}% 1
\BOOKMARK [1][-]{section.2}{\376\377\000O\000u\000r\000\040\000i\000m\000p\000l\000e\000m\000e\000n\000t\000a\000t\000i\000o\000n}{}% 2
\BOOKMARK [2][-]{subsection.2.1}{\376\377\000G\000i\000v\000e\000n\000\040\000c\000o\000d\000e}{section.2}% 3
\BOOKMARK [2][-]{subsection.2.2}{\376\377\000O\000u\000r\000\040\000i\000m\000p\000l\000e\000m\000e\000n\000t\000a\000t\000i\000o\000n}{section.2}% 4
\BOOKMARK [2][-]{subsection.2.3}{\376\377\000D\000a\000t\000a\000s\000e\000t\000s}{section.2}% 5
\BOOKMARK [1][-]{section.3}{\376\377\000R\000e\000l\000a\000t\000e\000d\000\040\000w\000o\000r\000k\000s}{}% 6
\BOOKMARK [2][-]{subsection.3.1}{\376\377\000C\000l\000a\000s\000s\000i\000c\000a\000l\000\040\000m\000e\000t\000h\000o\000d\000s}{section.3}% 7
\BOOKMARK [2][-]{subsection.3.2}{\376\377\000N\000e\000R\000F\000\040\000r\000e\000n\000d\000e\000r\000i\000n\000g}{section.3}% 8
\BOOKMARK [2][-]{subsection.3.3}{\376\377\000C\000o\000n\000c\000u\000r\000r\000e\000n\000t\000\040\000p\000a\000p\000e\000r\000s\000\040\000a\000n\000d\000\040\000p\000o\000s\000t\000e\000r\000i\000o\000r\000\040\000a\000p\000p\000r\000o\000a\000c\000h}{section.3}% 9
\BOOKMARK [1][-]{section.4}{\376\377\000T\000h\000e\000\040\000m\000e\000t\000h\000o\000d}{}% 10
\BOOKMARK [2][-]{subsection.4.1}{\376\377\000T\000h\000e\000\040\000v\000o\000x\000e\000l\000\040\000g\000r\000i\000d}{section.4}% 11
\BOOKMARK [2][-]{subsection.4.2}{\376\377\000C\000o\000l\000o\000r\000\040\000e\000s\000t\000i\000m\000a\000t\000i\000o\000n\000\040\000f\000r\000o\000m\000\040\000c\000a\000m\000e\000r\000a\000\040\000r\000a\000y\000s}{section.4}% 12
\BOOKMARK [2][-]{subsection.4.3}{\376\377\000O\000p\000t\000i\000m\000i\000z\000a\000t\000i\000o\000n}{section.4}% 13
\BOOKMARK [1][-]{section.5}{\376\377\000R\000e\000s\000u\000l\000t\000s\000\040\000a\000n\000d\000\040\000e\000x\000p\000e\000r\000i\000m\000e\000n\000t\000s}{}% 14
\BOOKMARK [2][-]{subsection.5.1}{\376\377\000V\000i\000s\000u\000a\000l\000\040\000i\000n\000t\000e\000r\000p\000r\000e\000t\000a\000t\000i\000o\000n}{section.5}% 15
\BOOKMARK [2][-]{subsection.5.2}{\376\377\000P\000S\000N\000R\000\040\000c\000o\000m\000p\000a\000r\000i\000s\000o\000n}{section.5}% 16
\BOOKMARK [2][-]{subsection.5.3}{\376\377\000A\000d\000a\000p\000t\000a\000t\000i\000v\000e\000\040\000g\000r\000i\000d\000\040\000s\000i\000z\000e\000\040\000f\000o\000r\000\040\000f\000a\000s\000t\000e\000r\000\040\000o\000p\000t\000i\000m\000i\000z\000a\000t\000i\000o\000n}{section.5}% 17
\BOOKMARK [1][-]{section.6}{\376\377\000U\000s\000i\000n\000g\000\040\000p\000l\000e\000n\000o\000x\000e\000l\000s\000\040\000t\000o\000\040\000g\000e\000n\000e\000r\000a\000t\000e\000\040\000p\000o\000i\000n\000t\000\040\000c\000l\000o\000u\000d\000s}{}% 18
\BOOKMARK [2][-]{subsection.6.1}{\376\377\000C\000l\000o\000u\000d\000C\000o\000m\000p\000a\000r\000e\000\040\000p\000i\000p\000e\000l\000i\000n\000e}{section.6}% 19
\BOOKMARK [2][-]{subsection.6.2}{\376\377\000D\000i\000s\000c\000u\000s\000s\000i\000o\000n}{section.6}% 20
\BOOKMARK [1][-]{section.7}{\376\377\000O\000u\000r\000\040\000e\000x\000t\000e\000n\000s\000i\000o\000n\000:\000\040\000v\000o\000x\000e\000l\000\040\000g\000r\000i\000d\000\040\000o\000p\000t\000i\000m\000i\000z\000a\000t\000i\000o\000n\000\040\000o\000n\000\040\000a\000\040\000s\000i\000n\000g\000l\000e\000\040\000p\000a\000s\000s}{}% 21
\BOOKMARK [2][-]{subsection.7.1}{\376\377\000T\000h\000e\000\040\000i\000d\000e\000a}{section.7}% 22
\BOOKMARK [1][-]{section.8}{\376\377\000C\000o\000n\000c\000l\000u\000s\000i\000o\000n}{}% 23
